<?xml version="1.0" encoding="UTF-8"?>
<!-- Generated by org.testng.reporters.JUnitReportReporter -->
<testsuite hostname="DESKTOP-J1BNB1Q" failures="0" tests="1" name="mavenExecution.ReadDataFromCommandLineTest" time="0.015" errors="0" timestamp="26 Apr 2022 07:24:03 GMT" skipped="0">
  <testcase classname="mavenExecution.ReadDataFromCommandLineTest" name="readDataFromCommandLineTest" time="0.015"/>
</testsuite> <!-- mavenExecution.ReadDataFromCommandLineTest -->
